<?xml version="1.0" encoding="UTF-8"?>
<!-- Generated by org.testng.reporters.JUnitXMLReporter -->
<testsuite ignored="0" hostname="DESKTOP-AO4LUHM" failures="1" tests="5" name="Test" time="39.482" errors="0" timestamp="21 Aug 2025 12:32:38 GMT">
  <testcase classname="medicare_test.SignUp" name="SignUpScenarioTest" time="4.669"/>
  <testcase classname="medicare_test.LoginSuccess" name="LoginSuccesTest" time="2.177"/>
  <testcase classname="medicare_test.LoginFailure" name="LoginFailureTest" time="2.16"/>
  <testcase classname="medicare_test.AddToCarT" name="AddToCartTest" time="6.787"/>
  <testcase classname="medicare_test.AddToCartTwo" name="AddToCartTestTwo" time="7.027">
    <failure type="org.openqa.selenium.ElementClickInterceptedException" message="element click intercepted: Element &amp;lt;a href=&amp;quot;/medicare/cart/validate&amp;quot; class=&amp;quot;btn btn-success btn-block&amp;quot;&amp;gt;...&amp;lt;/a&amp;gt; is not clickable at point (1189, 370). Other element would receive the click: &amp;lt;div class=&amp;quot;se-pre-con&amp;quot; style=&amp;quot;opacity: 0.00935367;&amp;quot;&amp;gt;&amp;lt;/div&amp;gt;
  (Session info: chrome=139.0.7258.68)
Build info: version: &amp;apos;4.27.0&amp;apos;, revision: &amp;apos;d6e718d134&amp;apos;
System info: os.name: &amp;apos;Windows 11&amp;apos;, os.arch: &amp;apos;amd64&amp;apos;, os.version: &amp;apos;10.0&amp;apos;, java.version: &amp;apos;23.0.2&amp;apos;
Driver info: org.openqa.selenium.chrome.ChromeDriver
Command: [34ccd3d0bdbf59b9697387105ddc2314, clickElement {id=f.100CCC70278E1D0F7DB955D1C7E1B2EE.d.7938D0B682CA2C11734880BD99FA8A7A.e.115}]
Capabilities {acceptInsecureCerts: false, browserName: chrome, browserVersion: 139.0.7258.68, chrome: {chromedriverVersion: 139.0.7258.138 (884e54ea8d4..., userDataDir: C:\Users\pramo\AppData\Loca...}, fedcm:accounts: true, goog:chromeOptions: {debuggerAddress: localhost:59944}, networkConnectionEnabled: false, pageLoadStrategy: normal, platformName: windows, proxy: Proxy(), se:cdp: ws://localhost:59944/devtoo..., se:cdpVersion: 139.0.7258.68, setWindowRect: true, strictFileInteractability: false, timeouts: {implicit: 0, pageLoad: 300000, script: 30000}, unhandledPromptBehavior: dismiss and notify, webauthn:extension:credBlob: true, webauthn:extension:largeBlob: true, webauthn:extension:minPinLength: true, webauthn:extension:prf: true, webauthn:virtualAuthenticators: true}
Element: [[ChromeDriver: chrome on windows (34ccd3d0bdbf59b9697387105ddc2314)] -&amp;gt; xpath: //a[text()=&amp;apos;Checkout &amp;apos;]]
Session ID: 34ccd3d0bdbf59b9697387105ddc2314">
      <![CDATA[org.openqa.selenium.ElementClickInterceptedException: element click intercepted: Element <a href="/medicare/cart/validate" class="btn btn-success btn-block">...</a> is not clickable at point (1189, 370). Other element would receive the click: <div class="se-pre-con" style="opacity: 0.00935367;"></div>
  (Session info: chrome=139.0.7258.68)
Build info: version: '4.27.0', revision: 'd6e718d134'
System info: os.name: 'Windows 11', os.arch: 'amd64', os.version: '10.0', java.version: '23.0.2'
Driver info: org.openqa.selenium.chrome.ChromeDriver
Command: [34ccd3d0bdbf59b9697387105ddc2314, clickElement {id=f.100CCC70278E1D0F7DB955D1C7E1B2EE.d.7938D0B682CA2C11734880BD99FA8A7A.e.115}]
Capabilities {acceptInsecureCerts: false, browserName: chrome, browserVersion: 139.0.7258.68, chrome: {chromedriverVersion: 139.0.7258.138 (884e54ea8d4..., userDataDir: C:\Users\pramo\AppData\Loca...}, fedcm:accounts: true, goog:chromeOptions: {debuggerAddress: localhost:59944}, networkConnectionEnabled: false, pageLoadStrategy: normal, platformName: windows, proxy: Proxy(), se:cdp: ws://localhost:59944/devtoo..., se:cdpVersion: 139.0.7258.68, setWindowRect: true, strictFileInteractability: false, timeouts: {implicit: 0, pageLoad: 300000, script: 30000}, unhandledPromptBehavior: dismiss and notify, webauthn:extension:credBlob: true, webauthn:extension:largeBlob: true, webauthn:extension:minPinLength: true, webauthn:extension:prf: true, webauthn:virtualAuthenticators: true}
Element: [[ChromeDriver: chrome on windows (34ccd3d0bdbf59b9697387105ddc2314)] -> xpath: //a[text()='Checkout ']]
Session ID: 34ccd3d0bdbf59b9697387105ddc2314
at org.openqa.selenium.remote.ErrorCodec.decode(ErrorCodec.java:167)
at org.openqa.selenium.remote.codec.w3c.W3CHttpResponseCodec.decode(W3CHttpResponseCodec.java:138)
at org.openqa.selenium.remote.codec.w3c.W3CHttpResponseCodec.decode(W3CHttpResponseCodec.java:50)
at org.openqa.selenium.remote.HttpCommandExecutor.execute(HttpCommandExecutor.java:190)
at org.openqa.selenium.remote.service.DriverCommandExecutor.invokeExecute(DriverCommandExecutor.java:216)
at org.openqa.selenium.remote.service.DriverCommandExecutor.execute(DriverCommandExecutor.java:174)
at org.openqa.selenium.remote.RemoteWebDriver.execute(RemoteWebDriver.java:545)
at org.openqa.selenium.remote.RemoteWebElement.execute(RemoteWebElement.java:223)
at org.openqa.selenium.remote.RemoteWebElement.click(RemoteWebElement.java:76)
at medicare_test.AddToCartTwo.AddToCartTestTwo(AddToCartTwo.java:28)
... Removed 26 stack frames]]>
    </failure>
  </testcase> <!-- AddToCartTestTwo -->
</testsuite> <!-- Test -->
