<?xml version="1.0" encoding="UTF-8"?>
<testng-results ignored="0" total="1" passed="1" failed="0" skipped="0">
  <reporter-output>
  </reporter-output>
  <suite started-at="2025-08-21T12:35:15Z" name="Surefire suite" finished-at="2025-08-21T12:35:15Z" duration-ms="28">
    <groups>
    </groups>
    <test started-at="2025-08-21T12:35:15Z" name="Surefire test" finished-at="2025-08-21T12:35:15Z" duration-ms="28">
      <class name="NewTest">
        <test-method signature="f()[pri:0, instance:NewTest@49c43f4e]" started-at="2025-08-21T12:35:15Z" name="f" finished-at="2025-08-21T12:35:15Z" duration-ms="6" status="PASS">
          <reporter-output>
          </reporter-output>
        </test-method> <!-- f -->
      </class> <!-- NewTest -->
    </test> <!-- Surefire test -->
  </suite> <!-- Surefire suite -->
</testng-results>
