<?xml version="1.0" encoding="UTF-8"?>
<testng-results ignored="0" total="5" passed="4" failed="1" skipped="0">
  <reporter-output>
  </reporter-output>
  <suite started-at="2025-08-21T12:31:59Z" name="Suite" finished-at="2025-08-21T12:32:38Z" duration-ms="39482">
    <groups>
    </groups>
    <test started-at="2025-08-21T12:31:59Z" name="Test" finished-at="2025-08-21T12:32:38Z" duration-ms="39482">
      <class name="medicare_test.AddToCarT">
        <test-method is-config="true" signature="SetUp()[pri:0, instance:medicare_test.AddToCarT@1cbbffcd]" started-at="2025-08-21T12:32:18Z" name="SetUp" finished-at="2025-08-21T12:32:21Z" duration-ms="3072" status="PASS">
          <reporter-output>
          </reporter-output>
        </test-method> <!-- SetUp -->
        <test-method signature="AddToCartTest()[pri:0, instance:medicare_test.AddToCarT@1cbbffcd]" started-at="2025-08-21T12:32:21Z" name="AddToCartTest" finished-at="2025-08-21T12:32:28Z" duration-ms="6787" status="PASS">
          <reporter-output>
          </reporter-output>
        </test-method> <!-- AddToCartTest -->
        <test-method is-config="true" signature="TearDown()[pri:0, instance:medicare_test.AddToCarT@1cbbffcd]" started-at="2025-08-21T12:32:28Z" name="TearDown" finished-at="2025-08-21T12:32:28Z" duration-ms="0" status="PASS">
          <reporter-output>
          </reporter-output>
        </test-method> <!-- TearDown -->
      </class> <!-- medicare_test.AddToCarT -->
      <class name="medicare_test.LoginFailure">
        <test-method is-config="true" signature="SetUp()[pri:0, instance:medicare_test.LoginFailure@31c88ec8]" started-at="2025-08-21T12:32:12Z" name="SetUp" finished-at="2025-08-21T12:32:16Z" duration-ms="3910" status="PASS">
          <reporter-output>
          </reporter-output>
        </test-method> <!-- SetUp -->
        <test-method signature="LoginFailureTest()[pri:0, instance:medicare_test.LoginFailure@31c88ec8]" started-at="2025-08-21T12:32:16Z" name="LoginFailureTest" finished-at="2025-08-21T12:32:18Z" duration-ms="2160" status="PASS">
          <reporter-output>
          </reporter-output>
        </test-method> <!-- LoginFailureTest -->
        <test-method is-config="true" signature="TearDown()[pri:0, instance:medicare_test.LoginFailure@31c88ec8]" started-at="2025-08-21T12:32:18Z" name="TearDown" finished-at="2025-08-21T12:32:18Z" duration-ms="0" status="PASS">
          <reporter-output>
          </reporter-output>
        </test-method> <!-- TearDown -->
      </class> <!-- medicare_test.LoginFailure -->
      <class name="medicare_test.LoginSuccess">
        <test-method is-config="true" signature="SetUp()[pri:0, instance:medicare_test.LoginSuccess@3daa422a]" started-at="2025-08-21T12:32:07Z" name="SetUp" finished-at="2025-08-21T12:32:10Z" duration-ms="2845" status="PASS">
          <reporter-output>
          </reporter-output>
        </test-method> <!-- SetUp -->
        <test-method signature="LoginSuccesTest()[pri:0, instance:medicare_test.LoginSuccess@3daa422a]" started-at="2025-08-21T12:32:10Z" name="LoginSuccesTest" finished-at="2025-08-21T12:32:12Z" duration-ms="2177" status="PASS">
          <reporter-output>
          </reporter-output>
        </test-method> <!-- LoginSuccesTest -->
        <test-method is-config="true" signature="TearDown()[pri:0, instance:medicare_test.LoginSuccess@3daa422a]" started-at="2025-08-21T12:32:12Z" name="TearDown" finished-at="2025-08-21T12:32:12Z" duration-ms="0" status="PASS">
          <reporter-output>
          </reporter-output>
        </test-method> <!-- TearDown -->
      </class> <!-- medicare_test.LoginSuccess -->
      <class name="medicare_test.SignUp">
        <test-method is-config="true" signature="SetUp()[pri:0, instance:medicare_test.SignUp@72f926e6]" started-at="2025-08-21T12:31:59Z" name="SetUp" finished-at="2025-08-21T12:32:02Z" duration-ms="3485" status="PASS">
          <reporter-output>
          </reporter-output>
        </test-method> <!-- SetUp -->
        <test-method signature="SignUpScenarioTest()[pri:0, instance:medicare_test.SignUp@72f926e6]" started-at="2025-08-21T12:32:02Z" name="SignUpScenarioTest" finished-at="2025-08-21T12:32:07Z" duration-ms="4669" status="PASS">
          <reporter-output>
          </reporter-output>
        </test-method> <!-- SignUpScenarioTest -->
        <test-method is-config="true" signature="TearDown()[pri:0, instance:medicare_test.SignUp@72f926e6]" started-at="2025-08-21T12:32:07Z" name="TearDown" finished-at="2025-08-21T12:32:07Z" duration-ms="0" status="PASS">
          <reporter-output>
          </reporter-output>
        </test-method> <!-- TearDown -->
      </class> <!-- medicare_test.SignUp -->
      <class name="medicare_test.AddToCartTwo">
        <test-method is-config="true" signature="SetUp()[pri:0, instance:medicare_test.AddToCartTwo@27ce24aa]" started-at="2025-08-21T12:32:28Z" name="SetUp" finished-at="2025-08-21T12:32:31Z" duration-ms="3249" status="PASS">
          <reporter-output>
          </reporter-output>
        </test-method> <!-- SetUp -->
        <test-method signature="AddToCartTestTwo()[pri:0, instance:medicare_test.AddToCartTwo@27ce24aa]" started-at="2025-08-21T12:32:31Z" name="AddToCartTestTwo" finished-at="2025-08-21T12:32:38Z" duration-ms="7027" status="FAIL">
          <exception class="org.openqa.selenium.ElementClickInterceptedException">
            <message>
              <![CDATA[element click intercepted: Element <a href="/medicare/cart/validate" class="btn btn-success btn-block">...</a> is not clickable at point (1189, 370). Other element would receive the click: <div class="se-pre-con" style="opacity: 0.00935367;"></div>
  (Session info: chrome=139.0.7258.68)
Build info: version: '4.27.0', revision: 'd6e718d134'
System info: os.name: 'Windows 11', os.arch: 'amd64', os.version: '10.0', java.version: '23.0.2'
Driver info: org.openqa.selenium.chrome.ChromeDriver
Command: [34ccd3d0bdbf59b9697387105ddc2314, clickElement {id=f.100CCC70278E1D0F7DB955D1C7E1B2EE.d.7938D0B682CA2C11734880BD99FA8A7A.e.115}]
Capabilities {acceptInsecureCerts: false, browserName: chrome, browserVersion: 139.0.7258.68, chrome: {chromedriverVersion: 139.0.7258.138 (884e54ea8d4..., userDataDir: C:\Users\pramo\AppData\Loca...}, fedcm:accounts: true, goog:chromeOptions: {debuggerAddress: localhost:59944}, networkConnectionEnabled: false, pageLoadStrategy: normal, platformName: windows, proxy: Proxy(), se:cdp: ws://localhost:59944/devtoo..., se:cdpVersion: 139.0.7258.68, setWindowRect: true, strictFileInteractability: false, timeouts: {implicit: 0, pageLoad: 300000, script: 30000}, unhandledPromptBehavior: dismiss and notify, webauthn:extension:credBlob: true, webauthn:extension:largeBlob: true, webauthn:extension:minPinLength: true, webauthn:extension:prf: true, webauthn:virtualAuthenticators: true}
Element: [[ChromeDriver: chrome on windows (34ccd3d0bdbf59b9697387105ddc2314)] -> xpath: //a[text()='Checkout ']]
Session ID: 34ccd3d0bdbf59b9697387105ddc2314]]>
            </message>
            <full-stacktrace>
              <![CDATA[org.openqa.selenium.ElementClickInterceptedException: element click intercepted: Element <a href="/medicare/cart/validate" class="btn btn-success btn-block">...</a> is not clickable at point (1189, 370). Other element would receive the click: <div class="se-pre-con" style="opacity: 0.00935367;"></div>
  (Session info: chrome=139.0.7258.68)
Build info: version: '4.27.0', revision: 'd6e718d134'
System info: os.name: 'Windows 11', os.arch: 'amd64', os.version: '10.0', java.version: '23.0.2'
Driver info: org.openqa.selenium.chrome.ChromeDriver
Command: [34ccd3d0bdbf59b9697387105ddc2314, clickElement {id=f.100CCC70278E1D0F7DB955D1C7E1B2EE.d.7938D0B682CA2C11734880BD99FA8A7A.e.115}]
Capabilities {acceptInsecureCerts: false, browserName: chrome, browserVersion: 139.0.7258.68, chrome: {chromedriverVersion: 139.0.7258.138 (884e54ea8d4..., userDataDir: C:\Users\pramo\AppData\Loca...}, fedcm:accounts: true, goog:chromeOptions: {debuggerAddress: localhost:59944}, networkConnectionEnabled: false, pageLoadStrategy: normal, platformName: windows, proxy: Proxy(), se:cdp: ws://localhost:59944/devtoo..., se:cdpVersion: 139.0.7258.68, setWindowRect: true, strictFileInteractability: false, timeouts: {implicit: 0, pageLoad: 300000, script: 30000}, unhandledPromptBehavior: dismiss and notify, webauthn:extension:credBlob: true, webauthn:extension:largeBlob: true, webauthn:extension:minPinLength: true, webauthn:extension:prf: true, webauthn:virtualAuthenticators: true}
Element: [[ChromeDriver: chrome on windows (34ccd3d0bdbf59b9697387105ddc2314)] -> xpath: //a[text()='Checkout ']]
Session ID: 34ccd3d0bdbf59b9697387105ddc2314
at java.base/jdk.internal.reflect.DirectConstructorHandleAccessor.newInstance(DirectConstructorHandleAccessor.java:62)
at java.base/java.lang.reflect.Constructor.newInstanceWithCaller(Constructor.java:501)
at java.base/java.lang.reflect.Constructor.newInstance(Constructor.java:485)
at org.openqa.selenium.remote.ErrorCodec.decode(ErrorCodec.java:167)
at org.openqa.selenium.remote.codec.w3c.W3CHttpResponseCodec.decode(W3CHttpResponseCodec.java:138)
at org.openqa.selenium.remote.codec.w3c.W3CHttpResponseCodec.decode(W3CHttpResponseCodec.java:50)
at org.openqa.selenium.remote.HttpCommandExecutor.execute(HttpCommandExecutor.java:190)
at org.openqa.selenium.remote.service.DriverCommandExecutor.invokeExecute(DriverCommandExecutor.java:216)
at org.openqa.selenium.remote.service.DriverCommandExecutor.execute(DriverCommandExecutor.java:174)
at org.openqa.selenium.remote.RemoteWebDriver.execute(RemoteWebDriver.java:545)
at org.openqa.selenium.remote.RemoteWebElement.execute(RemoteWebElement.java:223)
at org.openqa.selenium.remote.RemoteWebElement.click(RemoteWebElement.java:76)
at medicare_test.AddToCartTwo.AddToCartTestTwo(AddToCartTwo.java:28)
at java.base/jdk.internal.reflect.DirectMethodHandleAccessor.invoke(DirectMethodHandleAccessor.java:103)
at java.base/java.lang.reflect.Method.invoke(Method.java:580)
at org.testng.internal.MethodInvocationHelper.invokeMethod(MethodInvocationHelper.java:124)
at org.testng.internal.Invoker.invokeMethod(Invoker.java:583)
at org.testng.internal.Invoker.invokeTestMethod(Invoker.java:719)
at org.testng.internal.Invoker.invokeTestMethods(Invoker.java:989)
at org.testng.internal.TestMethodWorker.invokeTestMethods(TestMethodWorker.java:125)
at org.testng.internal.TestMethodWorker.run(TestMethodWorker.java:109)
at org.testng.TestRunner.privateRun(TestRunner.java:648)
at org.testng.TestRunner.run(TestRunner.java:505)
at org.testng.SuiteRunner.runTest(SuiteRunner.java:455)
at org.testng.SuiteRunner.runSequentially(SuiteRunner.java:450)
at org.testng.SuiteRunner.privateRun(SuiteRunner.java:415)
at org.testng.SuiteRunner.run(SuiteRunner.java:364)
at org.testng.SuiteRunnerWorker.runSuite(SuiteRunnerWorker.java:52)
at org.testng.SuiteRunnerWorker.run(SuiteRunnerWorker.java:84)
at org.testng.TestNG.runSuitesSequentially(TestNG.java:1208)
at org.testng.TestNG.runSuitesLocally(TestNG.java:1137)
at org.testng.TestNG.runSuites(TestNG.java:1049)
at org.testng.TestNG.run(TestNG.java:1017)
at org.testng.remote.AbstractRemoteTestNG.run(AbstractRemoteTestNG.java:115)
at org.testng.remote.RemoteTestNG.initAndRun(RemoteTestNG.java:293)
at org.testng.remote.RemoteTestNG.main(RemoteTestNG.java:91)
]]>
            </full-stacktrace>
          </exception> <!-- org.openqa.selenium.ElementClickInterceptedException -->
          <reporter-output>
          </reporter-output>
        </test-method> <!-- AddToCartTestTwo -->
        <test-method is-config="true" signature="TearDown()[pri:0, instance:medicare_test.AddToCartTwo@27ce24aa]" started-at="2025-08-21T12:32:38Z" name="TearDown" finished-at="2025-08-21T12:32:38Z" duration-ms="0" status="PASS">
          <reporter-output>
          </reporter-output>
        </test-method> <!-- TearDown -->
      </class> <!-- medicare_test.AddToCartTwo -->
    </test> <!-- Test -->
  </suite> <!-- Suite -->
</testng-results>
